# JRE version: OpenJDK Runtime Environment Temurin-21.0.11+10 (21.0.11+10) (build 21.0.11+10-LTS)
# Java VM: OpenJDK 64-Bit Server VM Temurin-21.0.11+10 (21.0.11+10-LTS, mixed mode, sharing, tiered, compressed oops, compressed class ptrs, parallel gc, windows-amd64)
GC Precious Log:
 CardTable entry size: 512
 CPUs: 12 total, 12 available
 Memory: 7876M
 Large Page Support: Disabled
 NUMA Support: Disabled
 Compressed Oops: Enabled (32-bit)
 Alignments: Space 512K, Generation 512K, Heap 2M
 Heap Min Capacity: 100M
 Heap Initial Capacity: 100M
 Heap Max Capacity: 2G
 Pre-touch: Disabled
 Parallel Workers: 10
Heap:
 PSYoungGen      total 15872K, used 2143K [0x00000000d5580000, 0x00000000d6980000, 0x0000000100000000)
  eden space 14336K, 4% used [0x00000000d5580000,0x00000000d5617c20,0x00000000d6380000)
  from space 1536K, 100% used [0x00000000d6380000,0x00000000d6500000,0x00000000d6500000)
  to   space 3072K, 0% used [0x00000000d6680000,0x00000000d6680000,0x00000000d6980000)
 ParOldGen       total 74240K, used 74028K [0x0000000080000000, 0x0000000084880000, 0x00000000d5580000)
  object space 74240K, 99% used [0x0000000080000000,0x000000008484b280,0x0000000084880000)
 Metaspace       used 65196K, committed 66752K, reserved 1114112K
  class space    used 7023K, committed 7744K, reserved 1048576K
GC Heap History (20 events):
Event: 72.645 GC heap before
{Heap before GC invocations=75 (full 3):
 PSYoungGen      total 15872K, used 15316K [0x00000000d5580000, 0x00000000d6600000, 0x0000000100000000)
  eden space 14848K, 100% used [0x00000000d5580000,0x00000000d6400000,0x00000000d6400000)
  from space 1024K, 45% used [0x00000000d6400000,0x00000000d64750e0,0x00000000d6500000)
  to   space 1024K, 0% used [0x00000000d6500000,0x00000000d6500000,0x00000000d6600000)
 ParOldGen       total 70656K, used 70218K [0x0000000080000000, 0x0000000084500000, 0x00000000d5580000)
  object space 70656K, 99% used [0x0000000080000000,0x00000000844928f0,0x0000000084500000)
 Metaspace       used 64611K, committed 66112K, reserved 1114112K
  class space    used 6978K, committed 7680K, reserved 1048576K
}
Event: 72.647 GC heap after
{Heap after GC invocations=75 (full 3):
 PSYoungGen      total 15360K, used 352K [0x00000000d5580000, 0x00000000d6580000, 0x0000000100000000)
  eden space 14848K, 0% used [0x00000000d5580000,0x00000000d5580000,0x00000000d6400000)
  from space 512K, 68% used [0x00000000d6500000,0x00000000d6558000,0x00000000d6580000)
  to   space 512K, 0% used [0x00000000d6480000,0x00000000d6480000,0x00000000d6500000)
 ParOldGen       total 70656K, used 70418K [0x0000000080000000, 0x0000000084500000, 0x00000000d5580000)
  object space 70656K, 99% used [0x0000000080000000,0x00000000844c49e0,0x0000000084500000)
 Metaspace       used 64611K, committed 66112K, reserved 1114112K
  class space    used 6978K, committed 7680K, reserved 1048576K
}
Event: 72.709 GC heap before
{Heap before GC invocations=76 (full 3):
 PSYoungGen      total 15360K, used 15200K [0x00000000d5580000, 0x00000000d6580000, 0x0000000100000000)
  eden space 14848K, 100% used [0x00000000d5580000,0x00000000d6400000,0x00000000d6400000)
  from space 512K, 68% used [0x00000000d6500000,0x00000000d6558000,0x00000000d6580000)
  to   space 512K, 0% used [0x00000000d6480000,0x00000000d6480000,0x00000000d6500000)
 ParOldGen       total 70656K, used 70418K [0x0000000080000000, 0x0000000084500000, 0x00000000d5580000)
  object space 70656K, 99% used [0x0000000080000000,0x00000000844c49e0,0x0000000084500000)
 Metaspace       used 64612K, committed 66112K, reserved 1114112K
  class space    used 6978K, committed 7680K, reserved 1048576K
}
Event: 72.712 GC heap after
{Heap after GC invocations=76 (full 3):
 PSYoungGen      total 15360K, used 488K [0x00000000d5580000, 0x00000000d6600000, 0x0000000100000000)
  eden space 14848K, 0% used [0x00000000d5580000,0x00000000d5580000,0x00000000d6400000)
  from space 512K, 95% used [0x00000000d6480000,0x00000000d64fa2c0,0x00000000d6500000)
  to   space 1024K, 0% used [0x00000000d6500000,0x00000000d6500000,0x00000000d6600000)
 ParOldGen       total 70656K, used 70648K [0x0000000080000000, 0x0000000084500000, 0x00000000d5580000)
  object space 70656K, 99% used [0x0000000080000000,0x00000000844fe050,0x0000000084500000)
 Metaspace       used 64612K, committed 66112K, reserved 1114112K
  class space    used 6978K, committed 7680K, reserved 1048576K
}
Event: 73.443 GC heap before
{Heap before GC invocations=77 (full 3):
 PSYoungGen      total 15360K, used 15336K [0x00000000d5580000, 0x00000000d6600000, 0x0000000100000000)
  eden space 14848K, 100% used [0x00000000d5580000,0x00000000d6400000,0x00000000d6400000)
  from space 512K, 95% used [0x00000000d6480000,0x00000000d64fa2c0,0x00000000d6500000)
  to   space 1024K, 0% used [0x00000000d6500000,0x00000000d6500000,0x00000000d6600000)
 ParOldGen       total 70656K, used 70648K [0x0000000080000000, 0x0000000084500000, 0x00000000d5580000)
  object space 70656K, 99% used [0x0000000080000000,0x00000000844fe050,0x0000000084500000)
 Metaspace       used 64615K, committed 66112K, reserved 1114112K
  class space    used 6978K, committed 7680K, reserved 1048576K
}
Event: 73.446 GC heap after
{Heap after GC invocations=77 (full 3):
 PSYoungGen      total 15872K, used 433K [0x00000000d5580000, 0x00000000d6600000, 0x0000000100000000)
  eden space 14848K, 0% used [0x00000000d5580000,0x00000000d5580000,0x00000000d6400000)
  from space 1024K, 42% used [0x00000000d6500000,0x00000000d656c510,0x00000000d6600000)
  to   space 1024K, 0% used [0x00000000d6400000,0x00000000d6400000,0x00000000d6500000)
 ParOldGen       total 71168K, used 70939K [0x0000000080000000, 0x0000000084580000, 0x00000000d5580000)
  object space 71168K, 99% used [0x0000000080000000,0x0000000084546f60,0x0000000084580000)
 Metaspace       used 64615K, committed 66112K, reserved 1114112K
  class space    used 6978K, committed 7680K, reserved 1048576K
}
Event: 73.914 GC heap before
{Heap before GC invocations=78 (full 3):
 PSYoungGen      total 15872K, used 15281K [0x00000000d5580000, 0x00000000d6600000, 0x0000000100000000)
  eden space 14848K, 100% used [0x00000000d5580000,0x00000000d6400000,0x00000000d6400000)
  from space 1024K, 42% used [0x00000000d6500000,0x00000000d656c510,0x00000000d6600000)
  to   space 1024K, 0% used [0x00000000d6400000,0x00000000d6400000,0x00000000d6500000)
 ParOldGen       total 71168K, used 70939K [0x0000000080000000, 0x0000000084580000, 0x00000000d5580000)
  object space 71168K, 99% used [0x0000000080000000,0x0000000084546f60,0x0000000084580000)
 Metaspace       used 64628K, committed 66176K, reserved 1114112K
  class space    used 6978K, committed 7680K, reserved 1048576K
}
Event: 73.916 GC heap after
{Heap after GC invocations=78 (full 3):
 PSYoungGen      total 15872K, used 643K [0x00000000d5580000, 0x00000000d6600000, 0x0000000100000000)
  eden space 14848K, 0% used [0x00000000d5580000,0x00000000d5580000,0x00000000d6400000)
  from space 1024K, 62% used [0x00000000d6400000,0x00000000d64a0df8,0x00000000d6500000)
  to   space 1024K, 0% used [0x00000000d6500000,0x00000000d6500000,0x00000000d6600000)
 ParOldGen       total 71680K, used 71178K [0x0000000080000000, 0x0000000084600000, 0x00000000d5580000)
  object space 71680K, 99% used [0x0000000080000000,0x0000000084582b18,0x0000000084600000)
 Metaspace       used 64628K, committed 66176K, reserved 1114112K
  class space    used 6978K, committed 7680K, reserved 1048576K
}
Event: 74.073 GC heap before
{Heap before GC invocations=79 (full 3):
 PSYoungGen      total 15872K, used 15491K [0x00000000d5580000, 0x00000000d6600000, 0x0000000100000000)
  eden space 14848K, 100% used [0x00000000d5580000,0x00000000d6400000,0x00000000d6400000)
  from space 1024K, 62% used [0x00000000d6400000,0x00000000d64a0df8,0x00000000d6500000)
  to   space 1024K, 0% used [0x00000000d6500000,0x00000000d6500000,0x00000000d6600000)
 ParOldGen       total 71680K, used 71178K [0x0000000080000000, 0x0000000084600000, 0x00000000d5580000)
  object space 71680K, 99% used [0x0000000080000000,0x0000000084582b18,0x0000000084600000)
 Metaspace       used 64629K, committed 66176K, reserved 1114112K
  class space    used 6978K, committed 7680K, reserved 1048576K
}
Event: 74.075 GC heap after
{Heap after GC invocations=79 (full 3):
 PSYoungGen      total 15872K, used 629K [0x00000000d5580000, 0x00000000d6600000, 0x0000000100000000)
  eden space 14848K, 0% used [0x00000000d5580000,0x00000000d5580000,0x00000000d6400000)
  from space 1024K, 61% used [0x00000000d6500000,0x00000000d659d668,0x00000000d6600000)
  to   space 1024K, 0% used [0x00000000d6400000,0x00000000d6400000,0x00000000d6500000)
 ParOldGen       total 71680K, used 71410K [0x0000000080000000, 0x0000000084600000, 0x00000000d5580000)
  object space 71680K, 99% used [0x0000000080000000,0x00000000845bcad0,0x0000000084600000)
 Metaspace       used 64629K, committed 66176K, reserved 1114112K
  class space    used 6978K, committed 7680K, reserved 1048576K
}
Event: 74.446 GC heap before
{Heap before GC invocations=80 (full 3):
 PSYoungGen      total 15872K, used 15477K [0x00000000d5580000, 0x00000000d6600000, 0x0000000100000000)
  eden space 14848K, 100% used [0x00000000d5580000,0x00000000d6400000,0x00000000d6400000)
  from space 1024K, 61% used [0x00000000d6500000,0x00000000d659d668,0x00000000d6600000)
  to   space 1024K, 0% used [0x00000000d6400000,0x00000000d6400000,0x00000000d6500000)
 ParOldGen       total 71680K, used 71410K [0x0000000080000000, 0x0000000084600000, 0x00000000d5580000)
  object space 71680K, 99% used [0x0000000080000000,0x00000000845bcad0,0x0000000084600000)
 Metaspace       used 64642K, committed 66176K, reserved 1114112K
  class space    used 6979K, committed 7680K, reserved 1048576K
}
Event: 74.451 GC heap after
{Heap after GC invocations=80 (full 3):
 PSYoungGen      total 15872K, used 1024K [0x00000000d5580000, 0x00000000d6700000, 0x0000000100000000)
  eden space 14848K, 0% used [0x00000000d5580000,0x00000000d5580000,0x00000000d6400000)
  from space 1024K, 100% used [0x00000000d6400000,0x00000000d6500000,0x00000000d6500000)
  to   space 1536K, 0% used [0x00000000d6580000,0x00000000d6580000,0x00000000d6700000)
 ParOldGen       total 71680K, used 71650K [0x0000000080000000, 0x0000000084600000, 0x00000000d5580000)
  object space 71680K, 99% used [0x0000000080000000,0x00000000845f8888,0x0000000084600000)
 Metaspace       used 64642K, committed 66176K, reserved 1114112K
  class space    used 6979K, committed 7680K, reserved 1048576K
}
Event: 74.586 GC heap before
{Heap before GC invocations=81 (full 3):
 PSYoungGen      total 15872K, used 15872K [0x00000000d5580000, 0x00000000d6700000, 0x0000000100000000)
  eden space 14848K, 100% used [0x00000000d5580000,0x00000000d6400000,0x00000000d6400000)
  from space 1024K, 100% used [0x00000000d6400000,0x00000000d6500000,0x00000000d6500000)
  to   space 1536K, 0% used [0x00000000d6580000,0x00000000d6580000,0x00000000d6700000)
 ParOldGen       total 71680K, used 71650K [0x0000000080000000, 0x0000000084600000, 0x00000000d5580000)
  object space 71680K, 99% used [0x0000000080000000,0x00000000845f8888,0x0000000084600000)
 Metaspace       used 64674K, committed 66176K, reserved 1114112K
  class space    used 6979K, committed 7680K, reserved 1048576K
}
Event: 74.591 GC heap after
{Heap after GC invocations=81 (full 3):
 PSYoungGen      total 15872K, used 576K [0x00000000d5580000, 0x00000000d6680000, 0x0000000100000000)
  eden space 14848K, 0% used [0x00000000d5580000,0x00000000d5580000,0x00000000d6400000)
  from space 1024K, 56% used [0x00000000d6580000,0x00000000d6610310,0x00000000d6680000)
  to   space 1024K, 0% used [0x00000000d6400000,0x00000000d6400000,0x00000000d6500000)
 ParOldGen       total 72704K, used 72368K [0x0000000080000000, 0x0000000084700000, 0x00000000d5580000)
  object space 72704K, 99% used [0x0000000080000000,0x00000000846ac088,0x0000000084700000)
 Metaspace       used 64674K, committed 66176K, reserved 1114112K
  class space    used 6979K, committed 7680K, reserved 1048576K
}
Event: 74.852 GC heap before
{Heap before GC invocations=82 (full 3):
 PSYoungGen      total 15872K, used 15424K [0x00000000d5580000, 0x00000000d6680000, 0x0000000100000000)
  eden space 14848K, 99% used [0x00000000d5580000,0x00000000d63ffff8,0x00000000d6400000)
  from space 1024K, 56% used [0x00000000d6580000,0x00000000d6610310,0x00000000d6680000)
  to   space 1024K, 0% used [0x00000000d6400000,0x00000000d6400000,0x00000000d6500000)
 ParOldGen       total 72704K, used 72368K [0x0000000080000000, 0x0000000084700000, 0x00000000d5580000)
  object space 72704K, 99% used [0x0000000080000000,0x00000000846ac088,0x0000000084700000)
 Metaspace       used 64743K, committed 66240K, reserved 1114112K
  class space    used 6979K, committed 7680K, reserved 1048576K
}
Event: 74.855 GC heap after
{Heap after GC invocations=82 (full 3):
 PSYoungGen      total 15872K, used 672K [0x00000000d5580000, 0x00000000d6600000, 0x0000000100000000)
  eden space 14848K, 0% used [0x00000000d5580000,0x00000000d5580000,0x00000000d6400000)
  from space 1024K, 65% used [0x00000000d6400000,0x00000000d64a8000,0x00000000d6500000)
  to   space 1024K, 0% used [0x00000000d6500000,0x00000000d6500000,0x00000000d6600000)
 ParOldGen       total 73216K, used 72743K [0x0000000080000000, 0x0000000084780000, 0x00000000d5580000)
  object space 73216K, 99% used [0x0000000080000000,0x0000000084709ea8,0x0000000084780000)
 Metaspace       used 64743K, committed 66240K, reserved 1114112K
  class space    used 6979K, committed 7680K, reserved 1048576K
}
Event: 76.017 GC heap before
{Heap before GC invocations=83 (full 3):
 PSYoungGen      total 15872K, used 15520K [0x00000000d5580000, 0x00000000d6600000, 0x0000000100000000)
  eden space 14848K, 100% used [0x00000000d5580000,0x00000000d6400000,0x00000000d6400000)
  from space 1024K, 65% used [0x00000000d6400000,0x00000000d64a8000,0x00000000d6500000)
  to   space 1024K, 0% used [0x00000000d6500000,0x00000000d6500000,0x00000000d6600000)
 ParOldGen       total 73216K, used 72743K [0x0000000080000000, 0x0000000084780000, 0x00000000d5580000)
  object space 73216K, 99% used [0x0000000080000000,0x0000000084709ea8,0x0000000084780000)
 Metaspace       used 64907K, committed 66432K, reserved 1114112K
  class space    used 6979K, committed 7680K, reserved 1048576K
}
Event: 76.022 GC heap after
{Heap after GC invocations=83 (full 3):
 PSYoungGen      total 15360K, used 1024K [0x00000000d5580000, 0x00000000d6700000, 0x0000000100000000)
  eden space 14336K, 0% used [0x00000000d5580000,0x00000000d5580000,0x00000000d6380000)
  from space 1024K, 100% used [0x00000000d6500000,0x00000000d6600000,0x00000000d6600000)
  to   space 1536K, 0% used [0x00000000d6380000,0x00000000d6380000,0x00000000d6500000)
 ParOldGen       total 73216K, used 73199K [0x0000000080000000, 0x0000000084780000, 0x00000000d5580000)
  object space 73216K, 99% used [0x0000000080000000,0x000000008477bea8,0x0000000084780000)
 Metaspace       used 64907K, committed 66432K, reserved 1114112K
  class space    used 6979K, committed 7680K, reserved 1048576K
}
Event: 79.001 GC heap before
{Heap before GC invocations=84 (full 3):
 PSYoungGen      total 15360K, used 15360K [0x00000000d5580000, 0x00000000d6700000, 0x0000000100000000)
  eden space 14336K, 100% used [0x00000000d5580000,0x00000000d6380000,0x00000000d6380000)
  from space 1024K, 100% used [0x00000000d6500000,0x00000000d6600000,0x00000000d6600000)
  to   space 1536K, 0% used [0x00000000d6380000,0x00000000d6380000,0x00000000d6500000)
 ParOldGen       total 73216K, used 73199K [0x0000000080000000, 0x0000000084780000, 0x00000000d5580000)
  object space 73216K, 99% used [0x0000000080000000,0x000000008477bea8,0x0000000084780000)
 Metaspace       used 65193K, committed 66752K, reserved 1114112K
  class space    used 7023K, committed 7744K, reserved 1048576K
}
Event: 80.008 GC heap after
{Heap after GC invocations=84 (full 3):
 PSYoungGen      total 15872K, used 1536K [0x00000000d5580000, 0x00000000d6980000, 0x0000000100000000)
  eden space 14336K, 0% used [0x00000000d5580000,0x00000000d5580000,0x00000000d6380000)
  from space 1536K, 100% used [0x00000000d6380000,0x00000000d6500000,0x00000000d6500000)
  to   space 3072K, 0% used [0x00000000d6680000,0x00000000d6680000,0x00000000d6980000)
 ParOldGen       total 74240K, used 74028K [0x0000000080000000, 0x0000000084880000, 0x00000000d5580000)
  object space 74240K, 99% used [0x0000000080000000,0x000000008484b280,0x0000000084880000)
 Metaspace       used 65193K, committed 66752K, reserved 1114112K
  class space    used 7023K, committed 7744K, reserved 1048576K
}

